[2025-05-11 23:29:58Z INFO HostContext] No proxy settings were found based on environmental variables (http_proxy/https_proxy/HTTP_PROXY/HTTPS_PROXY)
[2025-05-11 23:29:58Z INFO HostContext] Well known directory 'Bin': 'E:\6th semester\SCD\new project\actions-runner\bin'
[2025-05-11 23:29:58Z INFO HostContext] Well known directory 'Root': 'E:\6th semester\SCD\new project\actions-runner'
[2025-05-11 23:29:58Z INFO HostContext] Well known config file 'Credentials': 'E:\6th semester\SCD\new project\actions-runner\.credentials'
[2025-05-11 23:29:58Z INFO HostContext] Well known directory 'Bin': 'E:\6th semester\SCD\new project\actions-runner\bin'
[2025-05-11 23:29:58Z INFO HostContext] Well known directory 'Root': 'E:\6th semester\SCD\new project\actions-runner'
[2025-05-11 23:29:58Z INFO HostContext] Well known config file 'Runner': 'E:\6th semester\SCD\new project\actions-runner\.runner'
[2025-05-11 23:29:58Z INFO Listener] Runner is built for Windows (X64) - win-x64.
[2025-05-11 23:29:58Z INFO Listener] RuntimeInformation: Microsoft Windows 10.0.19045.
[2025-05-11 23:29:58Z INFO Listener] Version: 2.323.0
[2025-05-11 23:29:58Z INFO Listener] Commit: d8b82f44a9ec0258904d5869ae683c31d5aac299
[2025-05-11 23:29:58Z INFO Listener] Culture: en-US
[2025-05-11 23:29:58Z INFO Listener] UI Culture: en-US
[2025-05-11 23:29:58Z INFO HostContext] Well known directory 'Bin': 'E:\6th semester\SCD\new project\actions-runner\bin'
[2025-05-11 23:29:58Z INFO HostContext] Well known directory 'Root': 'E:\6th semester\SCD\new project\actions-runner'
[2025-05-11 23:29:58Z INFO Listener] Validating directory permissions for: 'E:\6th semester\SCD\new project\actions-runner'
[2025-05-11 23:29:58Z INFO CommandLineParser] Parse
[2025-05-11 23:29:58Z INFO CommandLineParser] Parsing 5 args
[2025-05-11 23:29:58Z INFO CommandLineParser] parsing argument
[2025-05-11 23:29:58Z INFO CommandLineParser] HasArgs: False
[2025-05-11 23:29:58Z INFO CommandLineParser] Adding Command: configure
[2025-05-11 23:29:58Z INFO CommandLineParser] parsing argument
[2025-05-11 23:29:58Z INFO CommandLineParser] HasArgs: True
[2025-05-11 23:29:58Z INFO CommandLineParser] arg: url
[2025-05-11 23:29:58Z INFO CommandLineParser] parsing argument
[2025-05-11 23:29:58Z INFO CommandLineParser] HasArgs: True
[2025-05-11 23:29:58Z INFO CommandLineParser] Adding option 'url': 'https://github.com/saif2012004/scd_project'
[2025-05-11 23:29:58Z INFO CommandLineParser] parsing argument
[2025-05-11 23:29:58Z INFO CommandLineParser] HasArgs: True
[2025-05-11 23:29:58Z INFO CommandLineParser] arg: token
[2025-05-11 23:29:58Z INFO CommandLineParser] parsing argument
[2025-05-11 23:29:58Z INFO CommandLineParser] HasArgs: True
[2025-05-11 23:29:58Z INFO CommandLineParser] Adding option 'token': '***'
[2025-05-11 23:29:58Z INFO Listener] Arguments parsed
[2025-05-11 23:29:58Z INFO Runner] ExecuteCommand
[2025-05-11 23:29:58Z INFO ConfigurationStore] currentAssemblyLocation: E:\6th semester\SCD\new project\actions-runner\bin\Runner.Listener.dll
[2025-05-11 23:29:58Z INFO HostContext] Well known directory 'Bin': 'E:\6th semester\SCD\new project\actions-runner\bin'
[2025-05-11 23:29:58Z INFO ConfigurationStore] binPath: E:\6th semester\SCD\new project\actions-runner\bin
[2025-05-11 23:29:58Z INFO HostContext] Well known directory 'Bin': 'E:\6th semester\SCD\new project\actions-runner\bin'
[2025-05-11 23:29:58Z INFO HostContext] Well known directory 'Root': 'E:\6th semester\SCD\new project\actions-runner'
[2025-05-11 23:29:58Z INFO ConfigurationStore] RootFolder: E:\6th semester\SCD\new project\actions-runner
[2025-05-11 23:29:58Z INFO HostContext] Well known directory 'Bin': 'E:\6th semester\SCD\new project\actions-runner\bin'
[2025-05-11 23:29:58Z INFO HostContext] Well known directory 'Root': 'E:\6th semester\SCD\new project\actions-runner'
[2025-05-11 23:29:58Z INFO HostContext] Well known config file 'Runner': 'E:\6th semester\SCD\new project\actions-runner\.runner'
[2025-05-11 23:29:58Z INFO ConfigurationStore] ConfigFilePath: E:\6th semester\SCD\new project\actions-runner\.runner
[2025-05-11 23:29:58Z INFO HostContext] Well known directory 'Bin': 'E:\6th semester\SCD\new project\actions-runner\bin'
[2025-05-11 23:29:58Z INFO HostContext] Well known directory 'Root': 'E:\6th semester\SCD\new project\actions-runner'
[2025-05-11 23:29:58Z INFO HostContext] Well known config file 'MigratedRunner': 'E:\6th semester\SCD\new project\actions-runner\.runner_migrated'
[2025-05-11 23:29:58Z INFO ConfigurationStore] MigratedConfigFilePath: E:\6th semester\SCD\new project\actions-runner\.runner_migrated
[2025-05-11 23:29:58Z INFO HostContext] Well known directory 'Bin': 'E:\6th semester\SCD\new project\actions-runner\bin'
[2025-05-11 23:29:58Z INFO HostContext] Well known directory 'Root': 'E:\6th semester\SCD\new project\actions-runner'
[2025-05-11 23:29:58Z INFO HostContext] Well known config file 'Credentials': 'E:\6th semester\SCD\new project\actions-runner\.credentials'
[2025-05-11 23:29:58Z INFO ConfigurationStore] CredFilePath: E:\6th semester\SCD\new project\actions-runner\.credentials
[2025-05-11 23:29:58Z INFO HostContext] Well known directory 'Bin': 'E:\6th semester\SCD\new project\actions-runner\bin'
[2025-05-11 23:29:58Z INFO HostContext] Well known directory 'Root': 'E:\6th semester\SCD\new project\actions-runner'
[2025-05-11 23:29:58Z INFO HostContext] Well known config file 'MigratedCredentials': 'E:\6th semester\SCD\new project\actions-runner\.credentials_migrated'
[2025-05-11 23:29:58Z INFO ConfigurationStore] MigratedCredFilePath: E:\6th semester\SCD\new project\actions-runner\.credentials_migrated
[2025-05-11 23:29:58Z INFO HostContext] Well known directory 'Bin': 'E:\6th semester\SCD\new project\actions-runner\bin'
[2025-05-11 23:29:58Z INFO HostContext] Well known directory 'Root': 'E:\6th semester\SCD\new project\actions-runner'
[2025-05-11 23:29:58Z INFO HostContext] Well known config file 'Service': 'E:\6th semester\SCD\new project\actions-runner\.service'
[2025-05-11 23:29:58Z INFO ConfigurationStore] ServiceConfigFilePath: E:\6th semester\SCD\new project\actions-runner\.service
[2025-05-11 23:29:58Z INFO CommandSettings] Flag 'help': 'False'
[2025-05-11 23:29:58Z INFO CommandSettings] Flag 'version': 'False'
[2025-05-11 23:29:58Z INFO CommandSettings] Flag 'commit': 'False'
[2025-05-11 23:29:58Z INFO CommandSettings] Flag 'check': 'False'
[2025-05-11 23:29:58Z INFO CommandSettings] Command 'configure': 'True'
[2025-05-11 23:29:58Z INFO Terminal] WRITE LINE: 
[2025-05-11 23:29:58Z INFO Terminal] WRITE LINE: --------------------------------------------------------------------------------
[2025-05-11 23:29:58Z INFO Terminal] WRITE LINE: |        ____ _ _   _   _       _          _        _   _                      |
[2025-05-11 23:29:58Z INFO Terminal] WRITE LINE: |       / ___(_) |_| | | |_   _| |__      / \   ___| |_(_) ___  _ __  ___      |
[2025-05-11 23:29:58Z INFO Terminal] WRITE LINE: |      | |  _| | __| |_| | | | | '_ \    / _ \ / __| __| |/ _ \| '_ \/ __|     |
[2025-05-11 23:29:58Z INFO Terminal] WRITE LINE: |      | |_| | | |_|  _  | |_| | |_) |  / ___ \ (__| |_| | (_) | | | \__ \     |
[2025-05-11 23:29:58Z INFO Terminal] WRITE LINE: |       \____|_|\__|_| |_|\__,_|_.__/  /_/   \_\___|\__|_|\___/|_| |_|___/     |
[2025-05-11 23:29:58Z INFO Terminal] WRITE LINE: |                                                                              |
[2025-05-11 23:29:58Z INFO Terminal] WRITE: |                       
[2025-05-11 23:29:58Z INFO Terminal] WRITE: Self-hosted runner registration
[2025-05-11 23:29:58Z INFO Terminal] WRITE LINE:                         |
[2025-05-11 23:29:58Z INFO Terminal] WRITE LINE: |                                                                              |
[2025-05-11 23:29:58Z INFO Terminal] WRITE LINE: --------------------------------------------------------------------------------
[2025-05-11 23:29:58Z INFO ConfigurationManager] ConfigureAsync
[2025-05-11 23:29:58Z INFO CommandSettings] Flag 'generateServiceConfig': 'False'
[2025-05-11 23:29:58Z INFO ConfigurationStore] IsConfigured()
[2025-05-11 23:29:58Z INFO ConfigurationStore] IsConfigured: False
[2025-05-11 23:29:58Z INFO ConfigurationManager] Is configured: False
[2025-05-11 23:29:58Z INFO CommandSettings] Arg 'url': 'https://github.com/saif2012004/scd_project'
[2025-05-11 23:29:58Z INFO CommandSettings] Remove url from Arg dictionary.
[2025-05-11 23:29:58Z INFO CommandSettings] Arg 'token': '***'
[2025-05-11 23:29:58Z INFO CommandSettings] Remove token from Arg dictionary.
[2025-05-11 23:29:59Z INFO ConfigurationManager] Http response code: OK from 'POST https://api.github.com/actions/runner-registration' (C0C9:1BB96E:A8DF4F:F2D7F5:682132F6)
[2025-05-11 23:29:59Z INFO ConfigurationManager] Using V2 flow: False
[2025-05-11 23:29:59Z INFO ConfigurationManager] cred retrieved via GitHub auth
[2025-05-11 23:29:59Z INFO RunnerServer] EstablishVssConnection
[2025-05-11 23:29:59Z INFO RunnerServer] Establish connection with 100 seconds timeout.
[2025-05-11 23:29:59Z INFO GitHubActionsService] Starting operation Location.GetConnectionData
[2025-05-11 23:29:59Z INFO RunnerServer] EstablishVssConnection
[2025-05-11 23:29:59Z INFO RunnerServer] Establish connection with 60 seconds timeout.
[2025-05-11 23:29:59Z INFO GitHubActionsService] Starting operation Location.GetConnectionData
[2025-05-11 23:29:59Z INFO RunnerServer] EstablishVssConnection
[2025-05-11 23:29:59Z INFO RunnerServer] Establish connection with 60 seconds timeout.
[2025-05-11 23:29:59Z INFO GitHubActionsService] Starting operation Location.GetConnectionData
[2025-05-11 23:30:01Z INFO GitHubActionsService] Finished operation Location.GetConnectionData
[2025-05-11 23:30:01Z INFO GitHubActionsService] Finished operation Location.GetConnectionData
[2025-05-11 23:30:01Z INFO GitHubActionsService] Finished operation Location.GetConnectionData
[2025-05-11 23:30:01Z INFO Terminal] WRITE LINE: 
[2025-05-11 23:30:01Z INFO ConfigurationManager] Test Connection complete.
[2025-05-11 23:30:01Z INFO HostContext] Well known directory 'Bin': 'E:\6th semester\SCD\new project\actions-runner\bin'
[2025-05-11 23:30:01Z INFO HostContext] Well known directory 'Root': 'E:\6th semester\SCD\new project\actions-runner'
[2025-05-11 23:30:01Z INFO HostContext] Well known config file 'RSACredentials': 'E:\6th semester\SCD\new project\actions-runner\.credentials_rsaparams'
[2025-05-11 23:30:01Z INFO RSAEncryptedFileKeyManager] Creating new RSA key using 2048-bit key length
[2025-05-11 23:30:01Z INFO RSAEncryptedFileKeyManager] Successfully saved RSA key parameters to file E:\6th semester\SCD\new project\actions-runner\.credentials_rsaparams
[2025-05-11 23:30:01Z INFO CommandSettings] Arg 'runnergroup': ''
[2025-05-11 23:30:01Z INFO CommandSettings] Flag 'unattended': 'False'
[2025-05-11 23:30:01Z INFO PromptManager] ReadValue
[2025-05-11 23:30:01Z INFO Terminal] WRITE: Enter the name of the runner group to add this runner to: 
[2025-05-11 23:30:01Z INFO Terminal] WRITE: [press Enter for Default] 
[2025-05-11 23:30:01Z INFO Terminal] READ LINE
[2025-05-11 23:30:06Z INFO Terminal] Read value: ''
[2025-05-11 23:30:06Z INFO PromptManager] Falling back to the default: 'Default'
[2025-05-11 23:30:06Z INFO Terminal] WRITE LINE: 
[2025-05-11 23:30:06Z INFO ConfigurationManager] Found a self-hosted runner group with id 1 and name Default
[2025-05-11 23:30:06Z INFO CommandSettings] Flag 'disableupdate': 'False'
[2025-05-11 23:30:06Z INFO CommandSettings] Flag 'ephemeral': 'False'
[2025-05-11 23:30:06Z INFO CommandSettings] Arg 'name': ''
[2025-05-11 23:30:06Z INFO CommandSettings] Flag 'unattended': 'False'
[2025-05-11 23:30:06Z INFO PromptManager] ReadValue
[2025-05-11 23:30:06Z INFO Terminal] WRITE: Enter the name of runner: 
[2025-05-11 23:30:06Z INFO Terminal] WRITE: [press Enter for SAIFSPC] 
[2025-05-11 23:30:06Z INFO Terminal] READ LINE
[2025-05-11 23:30:08Z INFO Terminal] Read value: ''
[2025-05-11 23:30:08Z INFO PromptManager] Falling back to the default: 'SAIFSPC'
[2025-05-11 23:30:08Z INFO Terminal] WRITE LINE: 
[2025-05-11 23:30:08Z INFO CommandSettings] Arg 'labels': ''
[2025-05-11 23:30:08Z INFO CommandSettings] Flag 'unattended': 'False'
[2025-05-11 23:30:08Z INFO PromptManager] ReadValue
[2025-05-11 23:30:08Z INFO Terminal] WRITE: This runner will have the following labels: 'self-hosted', 'Windows', 'X64' 
Enter any additional labels (ex. label-1,label-2): 
[2025-05-11 23:30:08Z INFO Terminal] WRITE: [press Enter to skip] 
[2025-05-11 23:30:08Z INFO Terminal] READ LINE
[2025-05-11 23:30:09Z INFO Terminal] Read value: ''
[2025-05-11 23:30:09Z INFO Terminal] WRITE LINE: 
[2025-05-11 23:30:09Z INFO CommandSettings] Flag 'disableupdate': 'False'
[2025-05-11 23:30:09Z INFO CommandSettings] Flag 'no-default-labels': 'False'
[2025-05-11 23:30:10Z INFO CommandSettings] Flag 'disableupdate': 'False'
[2025-05-11 23:30:10Z INFO CommandSettings] Flag 'ephemeral': 'False'
[2025-05-11 23:30:10Z INFO ConfigurationStore] Saving OAuth credential @ E:\6th semester\SCD\new project\actions-runner\.credentials
[2025-05-11 23:30:10Z INFO ConfigurationStore] Credentials Saved.
[2025-05-11 23:30:10Z INFO ConfigurationStore] HasCredentials()
[2025-05-11 23:30:10Z INFO ConfigurationStore] stored True
[2025-05-11 23:30:10Z INFO CredentialManager] GetCredentialProvider
[2025-05-11 23:30:10Z INFO CredentialManager] Creating type OAuth
[2025-05-11 23:30:10Z INFO CredentialManager] Creating credential type: OAuth
[2025-05-11 23:30:10Z INFO RSAEncryptedFileKeyManager] Loading RSA key parameters from file E:\6th semester\SCD\new project\actions-runner\.credentials_rsaparams
[2025-05-11 23:30:10Z INFO RunnerServer] EstablishVssConnection
[2025-05-11 23:30:10Z INFO RunnerServer] Establish connection with 100 seconds timeout.
[2025-05-11 23:30:10Z INFO GitHubActionsService] Starting operation Location.GetConnectionData
[2025-05-11 23:30:10Z INFO RunnerServer] EstablishVssConnection
[2025-05-11 23:30:10Z INFO RunnerServer] Establish connection with 60 seconds timeout.
[2025-05-11 23:30:10Z INFO GitHubActionsService] Starting operation Location.GetConnectionData
[2025-05-11 23:30:10Z INFO RunnerServer] EstablishVssConnection
[2025-05-11 23:30:10Z INFO RunnerServer] Establish connection with 60 seconds timeout.
[2025-05-11 23:30:10Z INFO GitHubActionsService] Starting operation Location.GetConnectionData
[2025-05-11 23:30:11Z INFO GitHubActionsService] Finished operation Location.GetConnectionData
[2025-05-11 23:30:11Z INFO GitHubActionsService] Finished operation Location.GetConnectionData
[2025-05-11 23:30:11Z INFO GitHubActionsService] Finished operation Location.GetConnectionData
[2025-05-11 23:30:11Z INFO RSAEncryptedFileKeyManager] Loading RSA key parameters from file E:\6th semester\SCD\new project\actions-runner\.credentials_rsaparams
[2025-05-11 23:30:11Z INFO RSAEncryptedFileKeyManager] Loading RSA key parameters from file E:\6th semester\SCD\new project\actions-runner\.credentials_rsaparams
[2025-05-11 23:30:12Z INFO GitHubActionsService] AAD Correlation ID for this token request: Unknown
[2025-05-11 23:30:12Z INFO CommandSettings] Arg 'work': ''
[2025-05-11 23:30:12Z INFO CommandSettings] Flag 'unattended': 'False'
[2025-05-11 23:30:12Z INFO PromptManager] ReadValue
[2025-05-11 23:30:12Z INFO Terminal] WRITE: Enter name of work folder: 
[2025-05-11 23:30:12Z INFO Terminal] WRITE: [press Enter for _work] 
[2025-05-11 23:30:12Z INFO Terminal] READ LINE
[2025-05-11 23:30:17Z INFO Terminal] Read value: ''
[2025-05-11 23:30:17Z INFO PromptManager] Falling back to the default: '_work'
[2025-05-11 23:30:17Z INFO ConfigurationStore] Saving runner settings.
[2025-05-11 23:30:17Z INFO ConfigurationStore] Settings Saved.
[2025-05-11 23:30:17Z INFO Terminal] WRITE LINE: 
[2025-05-11 23:30:17Z INFO Terminal] WRITE LINE: 
[2025-05-11 23:30:17Z INFO CommandSettings] Flag 'runasservice': 'False'
[2025-05-11 23:30:17Z INFO CommandSettings] Flag 'unattended': 'False'
[2025-05-11 23:30:17Z INFO PromptManager] ReadValue
[2025-05-11 23:30:17Z INFO Terminal] WRITE: Would you like to run the runner as service? (Y/N) 
[2025-05-11 23:30:17Z INFO Terminal] WRITE: [press Enter for N] 
[2025-05-11 23:30:17Z INFO Terminal] READ LINE
[2025-05-11 23:30:19Z INFO Terminal] Read value: 'y'
[2025-05-11 23:30:19Z INFO ConfigurationManager] Configuring to run the agent as service
[2025-05-11 23:30:19Z INFO CommandSettings] Arg 'windowslogonaccount': ''
[2025-05-11 23:30:19Z INFO CommandSettings] Flag 'unattended': 'False'
[2025-05-11 23:30:19Z INFO PromptManager] ReadValue
[2025-05-11 23:30:19Z INFO Terminal] WRITE: User account to use for the service 
[2025-05-11 23:30:19Z INFO Terminal] WRITE: [press Enter for NT AUTHORITY\NETWORK SERVICE] 
[2025-05-11 23:30:19Z INFO Terminal] READ LINE
[2025-05-11 23:31:18Z INFO Terminal] Read value: ''
[2025-05-11 23:31:18Z INFO PromptManager] Falling back to the default: 'NT AUTHORITY\NETWORK SERVICE'
[2025-05-11 23:31:18Z INFO WindowsServiceControlManager] LogonAccount after transforming: NT AUTHORITY\NETWORK SERVICE, user: NETWORK SERVICE, domain: NT AUTHORITY
[2025-05-11 23:31:18Z INFO WindowsServiceControlManager] Service name 'actions.runner.saif2012004-scd_project.SAIFSPC' display name 'GitHub Actions Runner (saif2012004-scd_project.SAIFSPC)' will be used for service configuration.
[2025-05-11 23:31:18Z INFO WindowsServiceControlManager] Verifying if the account has LogonAsService permission
[2025-05-11 23:31:18Z INFO WindowsServiceControlManager] Account: NT AUTHORITY\NETWORK SERVICE already has Logon As Service Privilege.
[2025-05-11 23:31:18Z INFO WindowsServiceControlManager] Create local group and grant folder permission to service logon account.
[2025-05-11 23:31:18Z INFO HostContext] Well known directory 'Bin': 'E:\6th semester\SCD\new project\actions-runner\bin'
[2025-05-11 23:31:18Z INFO HostContext] Well known directory 'Root': 'E:\6th semester\SCD\new project\actions-runner'
[2025-05-11 23:31:18Z INFO ConfigurationStore] Read setting file: 305 chars
[2025-05-11 23:31:18Z INFO HostContext] Well known directory 'Bin': 'E:\6th semester\SCD\new project\actions-runner\bin'
[2025-05-11 23:31:18Z INFO HostContext] Well known directory 'Root': 'E:\6th semester\SCD\new project\actions-runner'
[2025-05-11 23:31:18Z INFO HostContext] Well known directory 'Work': 'E:\6th semester\SCD\new project\actions-runner\_work'
[2025-05-11 23:31:18Z INFO HostContext] Well known directory 'Bin': 'E:\6th semester\SCD\new project\actions-runner\bin'
[2025-05-11 23:31:18Z INFO NativeWindowsServiceHelper] Calculated unique group name GITHUB_ActionsRunner_G4cf99
[2025-05-11 23:31:18Z INFO NativeWindowsServiceHelper] Trying to create group GITHUB_ActionsRunner_G4cf99
[2025-05-11 23:31:18Z INFO NativeWindowsServiceHelper] Local Group 'GITHUB_ActionsRunner_G4cf99' created
[2025-05-11 23:31:18Z INFO NativeWindowsServiceHelper] Trying to add userName NT AUTHORITY\NETWORK SERVICE to the group GITHUB_ActionsRunner_G4cf99
[2025-05-11 23:31:18Z INFO NativeWindowsServiceHelper] Account 'NT AUTHORITY\NETWORK SERVICE' is added to local group 'GITHUB_ActionsRunner_G4cf99'.
[2025-05-11 23:31:18Z INFO NativeWindowsServiceHelper] Set full access control to group for the folder E:\6th semester\SCD\new project\actions-runner
[2025-05-11 23:31:18Z INFO NativeWindowsServiceHelper] Set full access control to group for the folder E:\6th semester\SCD\new project\actions-runner\_work
[2025-05-11 23:31:18Z INFO NativeWindowsServiceHelper] Local group 'GITHUB_ActionsRunner_G4cf99' already has full control to path 'E:\6th semester\SCD\new project\actions-runner\_work'.
[2025-05-11 23:31:18Z INFO Terminal] WRITE LINE: Granting file permissions to 'NT AUTHORITY\NETWORK SERVICE'.
[2025-05-11 23:31:18Z INFO HostContext] Well known directory 'Bin': 'E:\6th semester\SCD\new project\actions-runner\bin'
[2025-05-11 23:31:18Z INFO ProcessInvokerWrapper] Starting process:
[2025-05-11 23:31:18Z INFO ProcessInvokerWrapper]   File name: '"E:\6th semester\SCD\new project\actions-runner\bin\RunnerService.exe"'
[2025-05-11 23:31:18Z INFO ProcessInvokerWrapper]   Arguments: 'init'
[2025-05-11 23:31:18Z INFO ProcessInvokerWrapper]   Working directory: ''
[2025-05-11 23:31:18Z INFO ProcessInvokerWrapper]   Require exit code zero: 'True'
[2025-05-11 23:31:18Z INFO ProcessInvokerWrapper]   Encoding web name:  ; code page: ''
[2025-05-11 23:31:18Z INFO ProcessInvokerWrapper]   Force kill process on cancellation: 'False'
[2025-05-11 23:31:18Z INFO ProcessInvokerWrapper]   Redirected STDIN: 'False'
[2025-05-11 23:31:18Z INFO ProcessInvokerWrapper]   Persist current code page: 'False'
[2025-05-11 23:31:18Z INFO ProcessInvokerWrapper]   Keep redirected STDIN open: 'False'
[2025-05-11 23:31:18Z INFO ProcessInvokerWrapper]   High priority process: 'False'
[2025-05-11 23:31:19Z INFO ProcessInvokerWrapper] Process started with process id 17952, waiting for process exit.
[2025-05-11 23:31:19Z INFO ProcessInvokerWrapper] STDOUT/STDERR stream read finished.
[2025-05-11 23:31:19Z INFO ProcessInvokerWrapper] STDOUT/STDERR stream read finished.
[2025-05-11 23:31:19Z INFO ProcessInvokerWrapper] Finished process 17952 with exit code 0, and elapsed time 00:00:00.7952953.
[2025-05-11 23:31:19Z INFO Terminal] WRITE LINE: Service actions.runner.saif2012004-scd_project.SAIFSPC successfully installed
[2025-05-11 23:31:19Z INFO Terminal] WRITE LINE: Service actions.runner.saif2012004-scd_project.SAIFSPC successfully set recovery option
[2025-05-11 23:31:19Z INFO Terminal] WRITE LINE: Service actions.runner.saif2012004-scd_project.SAIFSPC successfully set to delayed auto start
[2025-05-11 23:31:19Z INFO Terminal] WRITE LINE: Service actions.runner.saif2012004-scd_project.SAIFSPC successfully configured
[2025-05-11 23:31:19Z INFO HostContext] Well known directory 'Bin': 'E:\6th semester\SCD\new project\actions-runner\bin'
[2025-05-11 23:31:19Z INFO HostContext] Well known directory 'Root': 'E:\6th semester\SCD\new project\actions-runner'
[2025-05-11 23:31:19Z INFO HostContext] Well known config file 'Service': 'E:\6th semester\SCD\new project\actions-runner\.service'
[2025-05-11 23:31:19Z INFO WindowsServiceControlManager] Configuration was successful, trying to start the service
[2025-05-11 23:31:19Z INFO Terminal] WRITE LINE: Waiting for service to start...
[2025-05-11 23:31:20Z INFO Terminal] WRITE LINE: Service actions.runner.saif2012004-scd_project.SAIFSPC started successfully
[2025-05-11 23:31:20Z INFO Listener] Runner execution has finished with return code 0
