[2025-05-11 23:21:17Z INFO HostContext] No proxy settings were found based on environmental variables (http_proxy/https_proxy/HTTP_PROXY/HTTPS_PROXY)
[2025-05-11 23:21:17Z INFO HostContext] Well known directory 'Bin': 'E:\6th semester\SCD\new project\actions-runner\bin'
[2025-05-11 23:21:17Z INFO HostContext] Well known directory 'Root': 'E:\6th semester\SCD\new project\actions-runner'
[2025-05-11 23:21:17Z INFO HostContext] Well known config file 'Credentials': 'E:\6th semester\SCD\new project\actions-runner\.credentials'
[2025-05-11 23:21:17Z INFO HostContext] Well known directory 'Bin': 'E:\6th semester\SCD\new project\actions-runner\bin'
[2025-05-11 23:21:17Z INFO HostContext] Well known directory 'Root': 'E:\6th semester\SCD\new project\actions-runner'
[2025-05-11 23:21:17Z INFO HostContext] Well known config file 'Runner': 'E:\6th semester\SCD\new project\actions-runner\.runner'
[2025-05-11 23:21:17Z INFO Listener] Runner is built for Windows (X64) - win-x64.
[2025-05-11 23:21:17Z INFO Listener] RuntimeInformation: Microsoft Windows 10.0.19045.
[2025-05-11 23:21:17Z INFO Listener] Version: 2.323.0
[2025-05-11 23:21:17Z INFO Listener] Commit: d8b82f44a9ec0258904d5869ae683c31d5aac299
[2025-05-11 23:21:17Z INFO Listener] Culture: en-US
[2025-05-11 23:21:17Z INFO Listener] UI Culture: en-US
[2025-05-11 23:21:17Z INFO HostContext] Well known directory 'Bin': 'E:\6th semester\SCD\new project\actions-runner\bin'
[2025-05-11 23:21:17Z INFO HostContext] Well known directory 'Root': 'E:\6th semester\SCD\new project\actions-runner'
[2025-05-11 23:21:17Z INFO Listener] Validating directory permissions for: 'E:\6th semester\SCD\new project\actions-runner'
[2025-05-11 23:21:17Z INFO CommandLineParser] Parse
[2025-05-11 23:21:17Z INFO CommandLineParser] Parsing 5 args
[2025-05-11 23:21:17Z INFO CommandLineParser] parsing argument
[2025-05-11 23:21:17Z INFO CommandLineParser] HasArgs: False
[2025-05-11 23:21:17Z INFO CommandLineParser] Adding Command: configure
[2025-05-11 23:21:17Z INFO CommandLineParser] parsing argument
[2025-05-11 23:21:17Z INFO CommandLineParser] HasArgs: True
[2025-05-11 23:21:17Z INFO CommandLineParser] arg: url
[2025-05-11 23:21:17Z INFO CommandLineParser] parsing argument
[2025-05-11 23:21:17Z INFO CommandLineParser] HasArgs: True
[2025-05-11 23:21:17Z INFO CommandLineParser] Adding option 'url': 'https://github.com/saif2012004/scd_project'
[2025-05-11 23:21:17Z INFO CommandLineParser] parsing argument
[2025-05-11 23:21:17Z INFO CommandLineParser] HasArgs: True
[2025-05-11 23:21:17Z INFO CommandLineParser] arg: token
[2025-05-11 23:21:17Z INFO CommandLineParser] parsing argument
[2025-05-11 23:21:17Z INFO CommandLineParser] HasArgs: True
[2025-05-11 23:21:17Z INFO CommandLineParser] Adding option 'token': '***'
[2025-05-11 23:21:17Z INFO Listener] Arguments parsed
[2025-05-11 23:21:17Z INFO Runner] ExecuteCommand
[2025-05-11 23:21:17Z INFO ConfigurationStore] currentAssemblyLocation: E:\6th semester\SCD\new project\actions-runner\bin\Runner.Listener.dll
[2025-05-11 23:21:17Z INFO HostContext] Well known directory 'Bin': 'E:\6th semester\SCD\new project\actions-runner\bin'
[2025-05-11 23:21:17Z INFO ConfigurationStore] binPath: E:\6th semester\SCD\new project\actions-runner\bin
[2025-05-11 23:21:17Z INFO HostContext] Well known directory 'Bin': 'E:\6th semester\SCD\new project\actions-runner\bin'
[2025-05-11 23:21:17Z INFO HostContext] Well known directory 'Root': 'E:\6th semester\SCD\new project\actions-runner'
[2025-05-11 23:21:17Z INFO ConfigurationStore] RootFolder: E:\6th semester\SCD\new project\actions-runner
[2025-05-11 23:21:17Z INFO HostContext] Well known directory 'Bin': 'E:\6th semester\SCD\new project\actions-runner\bin'
[2025-05-11 23:21:17Z INFO HostContext] Well known directory 'Root': 'E:\6th semester\SCD\new project\actions-runner'
[2025-05-11 23:21:17Z INFO HostContext] Well known config file 'Runner': 'E:\6th semester\SCD\new project\actions-runner\.runner'
[2025-05-11 23:21:17Z INFO ConfigurationStore] ConfigFilePath: E:\6th semester\SCD\new project\actions-runner\.runner
[2025-05-11 23:21:17Z INFO HostContext] Well known directory 'Bin': 'E:\6th semester\SCD\new project\actions-runner\bin'
[2025-05-11 23:21:17Z INFO HostContext] Well known directory 'Root': 'E:\6th semester\SCD\new project\actions-runner'
[2025-05-11 23:21:17Z INFO HostContext] Well known config file 'MigratedRunner': 'E:\6th semester\SCD\new project\actions-runner\.runner_migrated'
[2025-05-11 23:21:17Z INFO ConfigurationStore] MigratedConfigFilePath: E:\6th semester\SCD\new project\actions-runner\.runner_migrated
[2025-05-11 23:21:17Z INFO HostContext] Well known directory 'Bin': 'E:\6th semester\SCD\new project\actions-runner\bin'
[2025-05-11 23:21:17Z INFO HostContext] Well known directory 'Root': 'E:\6th semester\SCD\new project\actions-runner'
[2025-05-11 23:21:17Z INFO HostContext] Well known config file 'Credentials': 'E:\6th semester\SCD\new project\actions-runner\.credentials'
[2025-05-11 23:21:17Z INFO ConfigurationStore] CredFilePath: E:\6th semester\SCD\new project\actions-runner\.credentials
[2025-05-11 23:21:17Z INFO HostContext] Well known directory 'Bin': 'E:\6th semester\SCD\new project\actions-runner\bin'
[2025-05-11 23:21:17Z INFO HostContext] Well known directory 'Root': 'E:\6th semester\SCD\new project\actions-runner'
[2025-05-11 23:21:17Z INFO HostContext] Well known config file 'MigratedCredentials': 'E:\6th semester\SCD\new project\actions-runner\.credentials_migrated'
[2025-05-11 23:21:17Z INFO ConfigurationStore] MigratedCredFilePath: E:\6th semester\SCD\new project\actions-runner\.credentials_migrated
[2025-05-11 23:21:17Z INFO HostContext] Well known directory 'Bin': 'E:\6th semester\SCD\new project\actions-runner\bin'
[2025-05-11 23:21:17Z INFO HostContext] Well known directory 'Root': 'E:\6th semester\SCD\new project\actions-runner'
[2025-05-11 23:21:17Z INFO HostContext] Well known config file 'Service': 'E:\6th semester\SCD\new project\actions-runner\.service'
[2025-05-11 23:21:17Z INFO ConfigurationStore] ServiceConfigFilePath: E:\6th semester\SCD\new project\actions-runner\.service
[2025-05-11 23:21:17Z INFO CommandSettings] Flag 'help': 'False'
[2025-05-11 23:21:17Z INFO CommandSettings] Flag 'version': 'False'
[2025-05-11 23:21:17Z INFO CommandSettings] Flag 'commit': 'False'
[2025-05-11 23:21:17Z INFO CommandSettings] Flag 'check': 'False'
[2025-05-11 23:21:17Z INFO CommandSettings] Command 'configure': 'True'
[2025-05-11 23:21:17Z INFO Terminal] WRITE LINE: 
[2025-05-11 23:21:17Z INFO Terminal] WRITE LINE: --------------------------------------------------------------------------------
[2025-05-11 23:21:17Z INFO Terminal] WRITE LINE: |        ____ _ _   _   _       _          _        _   _                      |
[2025-05-11 23:21:17Z INFO Terminal] WRITE LINE: |       / ___(_) |_| | | |_   _| |__      / \   ___| |_(_) ___  _ __  ___      |
[2025-05-11 23:21:17Z INFO Terminal] WRITE LINE: |      | |  _| | __| |_| | | | | '_ \    / _ \ / __| __| |/ _ \| '_ \/ __|     |
[2025-05-11 23:21:17Z INFO Terminal] WRITE LINE: |      | |_| | | |_|  _  | |_| | |_) |  / ___ \ (__| |_| | (_) | | | \__ \     |
[2025-05-11 23:21:17Z INFO Terminal] WRITE LINE: |       \____|_|\__|_| |_|\__,_|_.__/  /_/   \_\___|\__|_|\___/|_| |_|___/     |
[2025-05-11 23:21:17Z INFO Terminal] WRITE LINE: |                                                                              |
[2025-05-11 23:21:17Z INFO Terminal] WRITE: |                       
[2025-05-11 23:21:17Z INFO Terminal] WRITE: Self-hosted runner registration
[2025-05-11 23:21:17Z INFO Terminal] WRITE LINE:                         |
[2025-05-11 23:21:17Z INFO Terminal] WRITE LINE: |                                                                              |
[2025-05-11 23:21:17Z INFO Terminal] WRITE LINE: --------------------------------------------------------------------------------
[2025-05-11 23:21:17Z INFO ConfigurationManager] ConfigureAsync
[2025-05-11 23:21:17Z INFO CommandSettings] Flag 'generateServiceConfig': 'False'
[2025-05-11 23:21:17Z INFO ConfigurationStore] IsConfigured()
[2025-05-11 23:21:17Z INFO ConfigurationStore] IsConfigured: False
[2025-05-11 23:21:17Z INFO ConfigurationManager] Is configured: False
[2025-05-11 23:21:17Z INFO CommandSettings] Arg 'url': 'https://github.com/saif2012004/scd_project'
[2025-05-11 23:21:17Z INFO CommandSettings] Remove url from Arg dictionary.
[2025-05-11 23:21:17Z INFO CommandSettings] Arg 'token': '***'
[2025-05-11 23:21:17Z INFO CommandSettings] Remove token from Arg dictionary.
[2025-05-11 23:21:18Z INFO ConfigurationManager] Http response code: OK from 'POST https://api.github.com/actions/runner-registration' (FEE5:C12C9:B04283:FA0371:682130ED)
[2025-05-11 23:21:18Z INFO ConfigurationManager] Using V2 flow: False
[2025-05-11 23:21:18Z INFO ConfigurationManager] cred retrieved via GitHub auth
[2025-05-11 23:21:18Z INFO RunnerServer] EstablishVssConnection
[2025-05-11 23:21:18Z INFO RunnerServer] Establish connection with 100 seconds timeout.
[2025-05-11 23:21:18Z INFO GitHubActionsService] Starting operation Location.GetConnectionData
[2025-05-11 23:21:18Z INFO RunnerServer] EstablishVssConnection
[2025-05-11 23:21:18Z INFO RunnerServer] Establish connection with 60 seconds timeout.
[2025-05-11 23:21:18Z INFO GitHubActionsService] Starting operation Location.GetConnectionData
[2025-05-11 23:21:18Z INFO RunnerServer] EstablishVssConnection
[2025-05-11 23:21:18Z INFO RunnerServer] Establish connection with 60 seconds timeout.
[2025-05-11 23:21:18Z INFO GitHubActionsService] Starting operation Location.GetConnectionData
[2025-05-11 23:21:20Z INFO GitHubActionsService] Finished operation Location.GetConnectionData
[2025-05-11 23:21:20Z INFO GitHubActionsService] Finished operation Location.GetConnectionData
[2025-05-11 23:21:20Z INFO GitHubActionsService] Finished operation Location.GetConnectionData
[2025-05-11 23:21:20Z INFO Terminal] WRITE LINE: 
[2025-05-11 23:21:20Z INFO ConfigurationManager] Test Connection complete.
[2025-05-11 23:21:20Z INFO HostContext] Well known directory 'Bin': 'E:\6th semester\SCD\new project\actions-runner\bin'
[2025-05-11 23:21:20Z INFO HostContext] Well known directory 'Root': 'E:\6th semester\SCD\new project\actions-runner'
[2025-05-11 23:21:20Z INFO HostContext] Well known config file 'RSACredentials': 'E:\6th semester\SCD\new project\actions-runner\.credentials_rsaparams'
[2025-05-11 23:21:20Z INFO RSAEncryptedFileKeyManager] Creating new RSA key using 2048-bit key length
[2025-05-11 23:21:20Z INFO RSAEncryptedFileKeyManager] Successfully saved RSA key parameters to file E:\6th semester\SCD\new project\actions-runner\.credentials_rsaparams
[2025-05-11 23:21:21Z INFO CommandSettings] Arg 'runnergroup': ''
[2025-05-11 23:21:21Z INFO CommandSettings] Flag 'unattended': 'False'
[2025-05-11 23:21:21Z INFO PromptManager] ReadValue
[2025-05-11 23:21:21Z INFO Terminal] WRITE: Enter the name of the runner group to add this runner to: 
[2025-05-11 23:21:21Z INFO Terminal] WRITE: [press Enter for Default] 
[2025-05-11 23:21:21Z INFO Terminal] READ LINE
[2025-05-11 23:21:37Z INFO Terminal] Read value: ''
[2025-05-11 23:21:37Z INFO PromptManager] Falling back to the default: 'Default'
[2025-05-11 23:21:37Z INFO Terminal] WRITE LINE: 
[2025-05-11 23:21:37Z INFO ConfigurationManager] Found a self-hosted runner group with id 1 and name Default
[2025-05-11 23:21:37Z INFO CommandSettings] Flag 'disableupdate': 'False'
[2025-05-11 23:21:37Z INFO CommandSettings] Flag 'ephemeral': 'False'
[2025-05-11 23:21:37Z INFO CommandSettings] Arg 'name': ''
[2025-05-11 23:21:37Z INFO CommandSettings] Flag 'unattended': 'False'
[2025-05-11 23:21:37Z INFO PromptManager] ReadValue
[2025-05-11 23:21:37Z INFO Terminal] WRITE: Enter the name of runner: 
[2025-05-11 23:21:37Z INFO Terminal] WRITE: [press Enter for SAIFSPC] 
[2025-05-11 23:21:37Z INFO Terminal] READ LINE
[2025-05-11 23:21:42Z INFO Terminal] Read value: ''
[2025-05-11 23:21:42Z INFO PromptManager] Falling back to the default: 'SAIFSPC'
[2025-05-11 23:21:42Z INFO Terminal] WRITE LINE: 
[2025-05-11 23:21:42Z INFO CommandSettings] Arg 'labels': ''
[2025-05-11 23:21:42Z INFO CommandSettings] Flag 'unattended': 'False'
[2025-05-11 23:21:42Z INFO PromptManager] ReadValue
[2025-05-11 23:21:42Z INFO Terminal] WRITE: This runner will have the following labels: 'self-hosted', 'Windows', 'X64' 
Enter any additional labels (ex. label-1,label-2): 
[2025-05-11 23:21:42Z INFO Terminal] WRITE: [press Enter to skip] 
[2025-05-11 23:21:42Z INFO Terminal] READ LINE
[2025-05-11 23:21:51Z INFO Terminal] Read value: ''
[2025-05-11 23:21:51Z INFO Terminal] WRITE LINE: 
[2025-05-11 23:21:51Z INFO CommandSettings] Flag 'disableupdate': 'False'
[2025-05-11 23:21:51Z INFO CommandSettings] Flag 'no-default-labels': 'False'
[2025-05-11 23:21:51Z INFO CommandSettings] Flag 'disableupdate': 'False'
[2025-05-11 23:21:51Z INFO CommandSettings] Flag 'ephemeral': 'False'
[2025-05-11 23:21:51Z INFO ConfigurationStore] Saving OAuth credential @ E:\6th semester\SCD\new project\actions-runner\.credentials
[2025-05-11 23:21:51Z INFO ConfigurationStore] Credentials Saved.
[2025-05-11 23:21:52Z INFO ConfigurationStore] HasCredentials()
[2025-05-11 23:21:52Z INFO ConfigurationStore] stored True
[2025-05-11 23:21:52Z INFO CredentialManager] GetCredentialProvider
[2025-05-11 23:21:52Z INFO CredentialManager] Creating type OAuth
[2025-05-11 23:21:52Z INFO CredentialManager] Creating credential type: OAuth
[2025-05-11 23:21:52Z INFO RSAEncryptedFileKeyManager] Loading RSA key parameters from file E:\6th semester\SCD\new project\actions-runner\.credentials_rsaparams
[2025-05-11 23:21:52Z INFO RunnerServer] EstablishVssConnection
[2025-05-11 23:21:52Z INFO RunnerServer] Establish connection with 100 seconds timeout.
[2025-05-11 23:21:52Z INFO GitHubActionsService] Starting operation Location.GetConnectionData
[2025-05-11 23:21:52Z INFO RunnerServer] EstablishVssConnection
[2025-05-11 23:21:52Z INFO RunnerServer] Establish connection with 60 seconds timeout.
[2025-05-11 23:21:52Z INFO GitHubActionsService] Starting operation Location.GetConnectionData
[2025-05-11 23:21:52Z INFO RunnerServer] EstablishVssConnection
[2025-05-11 23:21:52Z INFO RunnerServer] Establish connection with 60 seconds timeout.
[2025-05-11 23:21:52Z INFO GitHubActionsService] Starting operation Location.GetConnectionData
[2025-05-11 23:21:52Z INFO GitHubActionsService] Finished operation Location.GetConnectionData
[2025-05-11 23:21:53Z INFO GitHubActionsService] Finished operation Location.GetConnectionData
[2025-05-11 23:21:53Z INFO GitHubActionsService] Finished operation Location.GetConnectionData
[2025-05-11 23:21:53Z INFO RSAEncryptedFileKeyManager] Loading RSA key parameters from file E:\6th semester\SCD\new project\actions-runner\.credentials_rsaparams
[2025-05-11 23:21:53Z INFO RSAEncryptedFileKeyManager] Loading RSA key parameters from file E:\6th semester\SCD\new project\actions-runner\.credentials_rsaparams
[2025-05-11 23:21:54Z INFO GitHubActionsService] AAD Correlation ID for this token request: Unknown
[2025-05-11 23:21:54Z INFO CommandSettings] Arg 'work': ''
[2025-05-11 23:21:54Z INFO CommandSettings] Flag 'unattended': 'False'
[2025-05-11 23:21:54Z INFO PromptManager] ReadValue
[2025-05-11 23:21:54Z INFO Terminal] WRITE: Enter name of work folder: 
[2025-05-11 23:21:54Z INFO Terminal] WRITE: [press Enter for _work] 
[2025-05-11 23:21:54Z INFO Terminal] READ LINE
[2025-05-11 23:22:25Z INFO Terminal] Read value: ''
[2025-05-11 23:22:25Z INFO PromptManager] Falling back to the default: '_work'
[2025-05-11 23:22:25Z INFO ConfigurationStore] Saving runner settings.
[2025-05-11 23:22:25Z INFO ConfigurationStore] Settings Saved.
[2025-05-11 23:22:25Z INFO Terminal] WRITE LINE: 
[2025-05-11 23:22:25Z INFO Terminal] WRITE LINE: 
[2025-05-11 23:22:25Z INFO CommandSettings] Flag 'runasservice': 'False'
[2025-05-11 23:22:25Z INFO CommandSettings] Flag 'unattended': 'False'
[2025-05-11 23:22:25Z INFO PromptManager] ReadValue
[2025-05-11 23:22:25Z INFO Terminal] WRITE: Would you like to run the runner as service? (Y/N) 
[2025-05-11 23:22:25Z INFO Terminal] WRITE: [press Enter for N] 
[2025-05-11 23:22:25Z INFO Terminal] READ LINE
[2025-05-11 23:23:41Z INFO Terminal] Read value: 'y'
[2025-05-11 23:23:41Z INFO ConfigurationManager] Configuring to run the agent as service
[2025-05-11 23:23:41Z ERR  WindowsServiceControlManager] Needs Administrator privileges for configure runner as windows service.
[2025-05-11 23:23:41Z ERR  Runner] System.Security.SecurityException: Needs Administrator privileges for configuring runner as windows service.
   at GitHub.Runner.Listener.Configuration.WindowsServiceControlManager.ConfigureService(RunnerSettings settings, CommandSettings command)
   at GitHub.Runner.Listener.Configuration.ConfigurationManager.ConfigureAsync(CommandSettings command)
   at GitHub.Runner.Listener.Runner.ExecuteCommand(CommandSettings command)
[2025-05-11 23:23:41Z ERR  Terminal] WRITE ERROR: Needs Administrator privileges for configuring runner as windows service.
[2025-05-11 23:23:41Z INFO Listener] Runner execution has finished with return code 1
