[2025-05-11 23:31:20Z INFO HostContext] No proxy settings were found based on environmental variables (http_proxy/https_proxy/HTTP_PROXY/HTTPS_PROXY)
[2025-05-11 23:31:20Z INFO HostContext] Well known directory 'Bin': 'E:\6th semester\SCD\new project\actions-runner\bin'
[2025-05-11 23:31:20Z INFO HostContext] Well known directory 'Root': 'E:\6th semester\SCD\new project\actions-runner'
[2025-05-11 23:31:20Z INFO HostContext] Well known config file 'Credentials': 'E:\6th semester\SCD\new project\actions-runner\.credentials'
[2025-05-11 23:31:20Z INFO HostContext] Well known directory 'Bin': 'E:\6th semester\SCD\new project\actions-runner\bin'
[2025-05-11 23:31:20Z INFO HostContext] Well known directory 'Root': 'E:\6th semester\SCD\new project\actions-runner'
[2025-05-11 23:31:20Z INFO HostContext] Well known config file 'Runner': 'E:\6th semester\SCD\new project\actions-runner\.runner'
[2025-05-11 23:31:20Z INFO Listener] Runner is built for Windows (X64) - win-x64.
[2025-05-11 23:31:20Z INFO Listener] RuntimeInformation: Microsoft Windows 10.0.19045.
[2025-05-11 23:31:20Z INFO Listener] Version: 2.323.0
[2025-05-11 23:31:20Z INFO Listener] Commit: d8b82f44a9ec0258904d5869ae683c31d5aac299
[2025-05-11 23:31:20Z INFO Listener] Culture: en-US
[2025-05-11 23:31:20Z INFO Listener] UI Culture: en-US
[2025-05-11 23:31:20Z INFO HostContext] Well known directory 'Bin': 'E:\6th semester\SCD\new project\actions-runner\bin'
[2025-05-11 23:31:20Z INFO HostContext] Well known directory 'Root': 'E:\6th semester\SCD\new project\actions-runner'
[2025-05-11 23:31:20Z INFO Listener] Validating directory permissions for: 'E:\6th semester\SCD\new project\actions-runner'
[2025-05-11 23:31:20Z INFO CommandLineParser] Parse
[2025-05-11 23:31:20Z INFO CommandLineParser] Parsing 3 args
[2025-05-11 23:31:20Z INFO CommandLineParser] parsing argument
[2025-05-11 23:31:20Z INFO CommandLineParser] HasArgs: False
[2025-05-11 23:31:20Z INFO CommandLineParser] Adding Command: run
[2025-05-11 23:31:20Z INFO CommandLineParser] parsing argument
[2025-05-11 23:31:20Z INFO CommandLineParser] HasArgs: True
[2025-05-11 23:31:20Z INFO CommandLineParser] arg: startuptype
[2025-05-11 23:31:20Z INFO CommandLineParser] parsing argument
[2025-05-11 23:31:20Z INFO CommandLineParser] HasArgs: True
[2025-05-11 23:31:20Z INFO CommandLineParser] Adding option 'startuptype': 'service'
[2025-05-11 23:31:20Z INFO Listener] Arguments parsed
[2025-05-11 23:31:20Z INFO Runner] ExecuteCommand
[2025-05-11 23:31:20Z INFO ConfigurationStore] currentAssemblyLocation: E:\6th semester\SCD\new project\actions-runner\bin\Runner.Listener.dll
[2025-05-11 23:31:20Z INFO HostContext] Well known directory 'Bin': 'E:\6th semester\SCD\new project\actions-runner\bin'
[2025-05-11 23:31:20Z INFO ConfigurationStore] binPath: E:\6th semester\SCD\new project\actions-runner\bin
[2025-05-11 23:31:20Z INFO HostContext] Well known directory 'Bin': 'E:\6th semester\SCD\new project\actions-runner\bin'
[2025-05-11 23:31:20Z INFO HostContext] Well known directory 'Root': 'E:\6th semester\SCD\new project\actions-runner'
[2025-05-11 23:31:20Z INFO ConfigurationStore] RootFolder: E:\6th semester\SCD\new project\actions-runner
[2025-05-11 23:31:20Z INFO HostContext] Well known directory 'Bin': 'E:\6th semester\SCD\new project\actions-runner\bin'
[2025-05-11 23:31:20Z INFO HostContext] Well known directory 'Root': 'E:\6th semester\SCD\new project\actions-runner'
[2025-05-11 23:31:20Z INFO HostContext] Well known config file 'Runner': 'E:\6th semester\SCD\new project\actions-runner\.runner'
[2025-05-11 23:31:20Z INFO ConfigurationStore] ConfigFilePath: E:\6th semester\SCD\new project\actions-runner\.runner
[2025-05-11 23:31:20Z INFO HostContext] Well known directory 'Bin': 'E:\6th semester\SCD\new project\actions-runner\bin'
[2025-05-11 23:31:20Z INFO HostContext] Well known directory 'Root': 'E:\6th semester\SCD\new project\actions-runner'
[2025-05-11 23:31:20Z INFO HostContext] Well known config file 'MigratedRunner': 'E:\6th semester\SCD\new project\actions-runner\.runner_migrated'
[2025-05-11 23:31:20Z INFO ConfigurationStore] MigratedConfigFilePath: E:\6th semester\SCD\new project\actions-runner\.runner_migrated
[2025-05-11 23:31:20Z INFO HostContext] Well known directory 'Bin': 'E:\6th semester\SCD\new project\actions-runner\bin'
[2025-05-11 23:31:20Z INFO HostContext] Well known directory 'Root': 'E:\6th semester\SCD\new project\actions-runner'
[2025-05-11 23:31:20Z INFO HostContext] Well known config file 'Credentials': 'E:\6th semester\SCD\new project\actions-runner\.credentials'
[2025-05-11 23:31:20Z INFO ConfigurationStore] CredFilePath: E:\6th semester\SCD\new project\actions-runner\.credentials
[2025-05-11 23:31:20Z INFO HostContext] Well known directory 'Bin': 'E:\6th semester\SCD\new project\actions-runner\bin'
[2025-05-11 23:31:20Z INFO HostContext] Well known directory 'Root': 'E:\6th semester\SCD\new project\actions-runner'
[2025-05-11 23:31:20Z INFO HostContext] Well known config file 'MigratedCredentials': 'E:\6th semester\SCD\new project\actions-runner\.credentials_migrated'
[2025-05-11 23:31:20Z INFO ConfigurationStore] MigratedCredFilePath: E:\6th semester\SCD\new project\actions-runner\.credentials_migrated
[2025-05-11 23:31:20Z INFO HostContext] Well known directory 'Bin': 'E:\6th semester\SCD\new project\actions-runner\bin'
[2025-05-11 23:31:20Z INFO HostContext] Well known directory 'Root': 'E:\6th semester\SCD\new project\actions-runner'
[2025-05-11 23:31:20Z INFO HostContext] Well known config file 'Service': 'E:\6th semester\SCD\new project\actions-runner\.service'
[2025-05-11 23:31:20Z INFO ConfigurationStore] ServiceConfigFilePath: E:\6th semester\SCD\new project\actions-runner\.service
[2025-05-11 23:31:20Z INFO CommandSettings] Flag 'help': 'False'
[2025-05-11 23:31:20Z INFO CommandSettings] Flag 'version': 'False'
[2025-05-11 23:31:20Z INFO CommandSettings] Flag 'commit': 'False'
[2025-05-11 23:31:20Z INFO CommandSettings] Flag 'check': 'False'
[2025-05-11 23:31:20Z INFO CommandSettings] Command 'configure': 'False'
[2025-05-11 23:31:20Z INFO CommandSettings] Command 'remove': 'False'
[2025-05-11 23:31:20Z INFO CommandSettings] Command 'warmup': 'False'
[2025-05-11 23:31:20Z INFO ConfigurationManager] LoadSettings
[2025-05-11 23:31:20Z INFO ConfigurationStore] IsConfigured()
[2025-05-11 23:31:20Z INFO ConfigurationStore] IsConfigured: True
[2025-05-11 23:31:20Z INFO ConfigurationManager] Is configured: True
[2025-05-11 23:31:20Z INFO ConfigurationStore] Read setting file: 305 chars
[2025-05-11 23:31:20Z INFO ConfigurationManager] Settings Loaded
[2025-05-11 23:31:20Z INFO ConfigurationStore] IsServiceConfigured()
[2025-05-11 23:31:20Z INFO ConfigurationStore] IsServiceConfigured: True
[2025-05-11 23:31:20Z INFO CommandSettings] Command 'run': 'True'
[2025-05-11 23:31:20Z INFO ConfigurationStore] IsConfigured()
[2025-05-11 23:31:20Z INFO ConfigurationStore] IsConfigured: True
[2025-05-11 23:31:20Z INFO ConfigurationManager] Is configured: True
[2025-05-11 23:31:20Z INFO Runner] Set runner startup type - Service
[2025-05-11 23:31:20Z INFO CommandSettings] Flag 'once': 'False'
[2025-05-11 23:31:20Z INFO CommandSettings] Flag 'once': 'False'
[2025-05-11 23:31:20Z INFO Runner] RunAsync
[2025-05-11 23:31:20Z INFO ConfigurationManager] LoadSettings
[2025-05-11 23:31:20Z INFO ConfigurationStore] IsConfigured()
[2025-05-11 23:31:20Z INFO ConfigurationStore] IsConfigured: True
[2025-05-11 23:31:20Z INFO ConfigurationManager] Is configured: True
[2025-05-11 23:31:20Z INFO ConfigurationManager] Settings Loaded
[2025-05-11 23:31:20Z INFO MessageListener] {
  "AgentId": 3,
  "AgentName": "SAIFSPC",
  "PoolId": 1,
  "PoolName": "Default",
  "ServerUrl": "https://pipelinesghubeus15.actions.githubusercontent.com/LxexHmpj2uGEHibzBLXPpUGzpT8hskhpPxQdUMXue5mkFfLuRc/",
  "GitHubUrl": "https://github.com/saif2012004/scd_project",
  "WorkFolder": "_work"
}
[2025-05-11 23:31:20Z INFO MessageListener] Loading Credentials
[2025-05-11 23:31:20Z INFO ConfigurationStore] HasCredentials()
[2025-05-11 23:31:20Z INFO ConfigurationStore] stored True
[2025-05-11 23:31:20Z INFO CredentialManager] GetCredentialProvider
[2025-05-11 23:31:20Z INFO CredentialManager] Creating type OAuth
[2025-05-11 23:31:20Z INFO CredentialManager] Creating credential type: OAuth
[2025-05-11 23:31:20Z INFO HostContext] Well known directory 'Bin': 'E:\6th semester\SCD\new project\actions-runner\bin'
[2025-05-11 23:31:20Z INFO HostContext] Well known directory 'Root': 'E:\6th semester\SCD\new project\actions-runner'
[2025-05-11 23:31:20Z INFO HostContext] Well known config file 'RSACredentials': 'E:\6th semester\SCD\new project\actions-runner\.credentials_rsaparams'
[2025-05-11 23:31:20Z INFO RSAEncryptedFileKeyManager] Loading RSA key parameters from file E:\6th semester\SCD\new project\actions-runner\.credentials_rsaparams
[2025-05-11 23:31:20Z INFO MessageListener] Attempt to create session.
[2025-05-11 23:31:20Z INFO MessageListener] Connecting to the Runner Server...
[2025-05-11 23:31:20Z INFO RunnerServer] EstablishVssConnection
[2025-05-11 23:31:20Z INFO RunnerServer] Establish connection with 100 seconds timeout.
[2025-05-11 23:31:20Z INFO GitHubActionsService] Starting operation Location.GetConnectionData
[2025-05-11 23:31:20Z INFO RunnerServer] EstablishVssConnection
[2025-05-11 23:31:20Z INFO RunnerServer] Establish connection with 60 seconds timeout.
[2025-05-11 23:31:20Z INFO GitHubActionsService] Starting operation Location.GetConnectionData
[2025-05-11 23:31:20Z INFO RunnerServer] EstablishVssConnection
[2025-05-11 23:31:20Z INFO RunnerServer] Establish connection with 60 seconds timeout.
[2025-05-11 23:31:20Z INFO GitHubActionsService] Starting operation Location.GetConnectionData
[2025-05-11 23:31:22Z INFO GitHubActionsService] Finished operation Location.GetConnectionData
[2025-05-11 23:31:22Z INFO GitHubActionsService] Finished operation Location.GetConnectionData
[2025-05-11 23:31:22Z INFO GitHubActionsService] Finished operation Location.GetConnectionData
[2025-05-11 23:31:22Z INFO MessageListener] VssConnection created
[2025-05-11 23:31:22Z INFO Terminal] WRITE LINE: 
[2025-05-11 23:31:22Z INFO Terminal] WRITE LINE: 
[2025-05-11 23:31:23Z INFO RSAEncryptedFileKeyManager] Loading RSA key parameters from file E:\6th semester\SCD\new project\actions-runner\.credentials_rsaparams
[2025-05-11 23:31:23Z INFO RSAEncryptedFileKeyManager] Loading RSA key parameters from file E:\6th semester\SCD\new project\actions-runner\.credentials_rsaparams
[2025-05-11 23:31:24Z INFO GitHubActionsService] AAD Correlation ID for this token request: Unknown
[2025-05-11 23:31:24Z INFO MessageListener] Session created.
[2025-05-11 23:31:24Z INFO Terminal] WRITE LINE: Current runner version: '2.323.0'
[2025-05-11 23:31:24Z INFO Terminal] WRITE LINE: 2025-05-11 23:31:24Z: Listening for Jobs
[2025-05-11 23:31:24Z INFO JobDispatcher] Set runner/worker IPC timeout to 30 seconds.
[2025-05-11 23:31:24Z INFO RSAEncryptedFileKeyManager] Loading RSA key parameters from file E:\6th semester\SCD\new project\actions-runner\.credentials_rsaparams
[2025-05-11 23:31:25Z INFO GitHubActionsService] AAD Correlation ID for this token request: Unknown
[2025-05-11 23:31:28Z INFO MessageListener] Message '4254429437408704767' received from session '089ed875-cde4-4a13-9b97-a3c061585f9d'.
[2025-05-11 23:31:28Z INFO ConfigurationStore] HasCredentials()
[2025-05-11 23:31:28Z INFO ConfigurationStore] stored True
[2025-05-11 23:31:28Z INFO CredentialManager] GetCredentialProvider
[2025-05-11 23:31:28Z INFO CredentialManager] Creating type OAuth
[2025-05-11 23:31:28Z INFO CredentialManager] Creating credential type: OAuth
[2025-05-11 23:31:28Z INFO RSAEncryptedFileKeyManager] Loading RSA key parameters from file E:\6th semester\SCD\new project\actions-runner\.credentials_rsaparams
[2025-05-11 23:31:28Z INFO RSAEncryptedFileKeyManager] Loading RSA key parameters from file E:\6th semester\SCD\new project\actions-runner\.credentials_rsaparams
[2025-05-11 23:31:28Z INFO RSAEncryptedFileKeyManager] Loading RSA key parameters from file E:\6th semester\SCD\new project\actions-runner\.credentials_rsaparams
[2025-05-11 23:31:29Z INFO GitHubActionsService] AAD Correlation ID for this token request: Unknown
[2025-05-11 23:31:31Z INFO JobDispatcher] Job request 0 for plan ec8078f6-dabf-4471-99c7-5ffca02e9411 job 915bbee4-1428-58a4-8179-73f4fe4a9bb2 received.
[2025-05-11 23:31:31Z INFO MessageListener] Received job status event. JobState: Busy
[2025-05-11 23:31:31Z INFO MessageListener] _getMessagesTokenSource is already disposed.
[2025-05-11 23:31:31Z INFO Terminal] WRITE LINE: 2025-05-11 23:31:31Z: Running job: build-deploy
[2025-05-11 23:31:31Z INFO JobDispatcher] Start renew job request 0 for job 915bbee4-1428-58a4-8179-73f4fe4a9bb2.
[2025-05-11 23:31:32Z INFO JobDispatcher] Successfully renew job 915bbee4-1428-58a4-8179-73f4fe4a9bb2, job is valid till 5/11/2025 11:41:31 PM
[2025-05-11 23:31:32Z INFO HostContext] Well known directory 'Bin': 'E:\6th semester\SCD\new project\actions-runner\bin'
[2025-05-11 23:31:32Z INFO ProcessInvokerWrapper] Starting process:
[2025-05-11 23:31:32Z INFO ProcessInvokerWrapper]   File name: 'E:\6th semester\SCD\new project\actions-runner\bin\Runner.Worker.exe'
[2025-05-11 23:31:32Z INFO ProcessInvokerWrapper]   Arguments: 'spawnclient 2276 2296'
[2025-05-11 23:31:32Z INFO ProcessInvokerWrapper]   Working directory: 'E:\6th semester\SCD\new project\actions-runner\bin'
[2025-05-11 23:31:32Z INFO ProcessInvokerWrapper]   Require exit code zero: 'False'
[2025-05-11 23:31:32Z INFO ProcessInvokerWrapper]   Encoding web name:  ; code page: ''
[2025-05-11 23:31:32Z INFO ProcessInvokerWrapper]   Force kill process on cancellation: 'True'
[2025-05-11 23:31:32Z INFO ProcessInvokerWrapper]   Redirected STDIN: 'False'
[2025-05-11 23:31:32Z INFO ProcessInvokerWrapper]   Persist current code page: 'False'
[2025-05-11 23:31:32Z INFO ProcessInvokerWrapper]   Keep redirected STDIN open: 'False'
[2025-05-11 23:31:32Z INFO ProcessInvokerWrapper]   High priority process: 'True'
[2025-05-11 23:31:32Z INFO ProcessInvokerWrapper] Process started with process id 24192, waiting for process exit.
[2025-05-11 23:31:32Z INFO JobDispatcher] Send job request message to worker for job 915bbee4-1428-58a4-8179-73f4fe4a9bb2.
[2025-05-11 23:31:32Z INFO ProcessChannel] Sending message of length 20852, with hash '51b9bc1ca70091cd985da02e683e0594953ccff780566fd325f7c74fdc5e65ab'
[2025-05-11 23:31:32Z INFO JobNotification] Entering JobStarted Notification
[2025-05-11 23:31:32Z INFO JobNotification] Entering StartMonitor
[2025-05-11 23:32:10Z INFO ProcessInvokerWrapper] STDOUT/STDERR stream read finished.
[2025-05-11 23:32:10Z INFO ProcessInvokerWrapper] STDOUT/STDERR stream read finished.
[2025-05-11 23:32:10Z INFO ProcessInvokerWrapper] Finished process 24192 with exit code 102, and elapsed time 00:00:38.4512289.
[2025-05-11 23:32:10Z INFO JobDispatcher] Worker finished for job 915bbee4-1428-58a4-8179-73f4fe4a9bb2. Code: 102
[2025-05-11 23:32:10Z INFO JobDispatcher] finish job request for job 915bbee4-1428-58a4-8179-73f4fe4a9bb2 with result: Failed
[2025-05-11 23:32:10Z INFO Terminal] WRITE LINE: 2025-05-11 23:32:10Z: Job build-deploy completed with result: Failed
[2025-05-11 23:32:10Z INFO JobDispatcher] Stop renew job request for job 915bbee4-1428-58a4-8179-73f4fe4a9bb2.
[2025-05-11 23:32:10Z INFO JobDispatcher] job renew has been cancelled, stop renew job 915bbee4-1428-58a4-8179-73f4fe4a9bb2.
[2025-05-11 23:32:10Z INFO JobNotification] Entering JobCompleted Notification
[2025-05-11 23:32:10Z INFO JobNotification] Entering EndMonitor
[2025-05-11 23:32:10Z INFO MessageListener] Received job status event. JobState: Online
[2025-05-11 23:32:11Z INFO MessageListener] Message '7277819769811178052' received from session '089ed875-cde4-4a13-9b97-a3c061585f9d'.
[2025-05-11 23:32:11Z INFO ConfigurationStore] HasCredentials()
[2025-05-11 23:32:11Z INFO ConfigurationStore] stored True
[2025-05-11 23:32:11Z INFO CredentialManager] GetCredentialProvider
[2025-05-11 23:32:11Z INFO CredentialManager] Creating type OAuth
[2025-05-11 23:32:11Z INFO CredentialManager] Creating credential type: OAuth
[2025-05-11 23:32:11Z INFO RSAEncryptedFileKeyManager] Loading RSA key parameters from file E:\6th semester\SCD\new project\actions-runner\.credentials_rsaparams
[2025-05-11 23:32:11Z INFO RSAEncryptedFileKeyManager] Loading RSA key parameters from file E:\6th semester\SCD\new project\actions-runner\.credentials_rsaparams
[2025-05-11 23:32:11Z INFO RSAEncryptedFileKeyManager] Loading RSA key parameters from file E:\6th semester\SCD\new project\actions-runner\.credentials_rsaparams
[2025-05-11 23:32:12Z INFO GitHubActionsService] AAD Correlation ID for this token request: Unknown
[2025-05-11 23:32:14Z INFO JobDispatcher] Job request 0 for plan c6ab5dff-3af0-4646-94f1-4071ec07ae28 job ee7656bd-fc78-538e-8061-25f373836ac0 received.
[2025-05-11 23:32:14Z INFO MessageListener] Received job status event. JobState: Busy
[2025-05-11 23:32:14Z INFO MessageListener] _getMessagesTokenSource is already disposed.
[2025-05-11 23:32:14Z INFO JobDispatcher] Job request 915bbee4-1428-58a4-8179-73f4fe4a9bb2 processed succeed.
[2025-05-11 23:32:14Z INFO Terminal] WRITE LINE: 2025-05-11 23:32:14Z: Running job: build-deploy
[2025-05-11 23:32:14Z INFO JobDispatcher] Start renew job request 0 for job ee7656bd-fc78-538e-8061-25f373836ac0.
[2025-05-11 23:32:15Z INFO JobDispatcher] Successfully renew job ee7656bd-fc78-538e-8061-25f373836ac0, job is valid till 5/11/2025 11:42:14 PM
[2025-05-11 23:32:15Z INFO HostContext] Well known directory 'Bin': 'E:\6th semester\SCD\new project\actions-runner\bin'
[2025-05-11 23:32:15Z INFO ProcessInvokerWrapper] Starting process:
[2025-05-11 23:32:15Z INFO ProcessInvokerWrapper]   File name: 'E:\6th semester\SCD\new project\actions-runner\bin\Runner.Worker.exe'
[2025-05-11 23:32:15Z INFO ProcessInvokerWrapper]   Arguments: 'spawnclient 2372 2368'
[2025-05-11 23:32:15Z INFO ProcessInvokerWrapper]   Working directory: 'E:\6th semester\SCD\new project\actions-runner\bin'
[2025-05-11 23:32:15Z INFO ProcessInvokerWrapper]   Require exit code zero: 'False'
[2025-05-11 23:32:15Z INFO ProcessInvokerWrapper]   Encoding web name:  ; code page: ''
[2025-05-11 23:32:15Z INFO ProcessInvokerWrapper]   Force kill process on cancellation: 'True'
[2025-05-11 23:32:15Z INFO ProcessInvokerWrapper]   Redirected STDIN: 'False'
[2025-05-11 23:32:15Z INFO ProcessInvokerWrapper]   Persist current code page: 'False'
[2025-05-11 23:32:15Z INFO ProcessInvokerWrapper]   Keep redirected STDIN open: 'False'
[2025-05-11 23:32:15Z INFO ProcessInvokerWrapper]   High priority process: 'True'
[2025-05-11 23:32:15Z INFO ProcessInvokerWrapper] Process started with process id 26044, waiting for process exit.
[2025-05-11 23:32:15Z INFO JobDispatcher] Send job request message to worker for job ee7656bd-fc78-538e-8061-25f373836ac0.
[2025-05-11 23:32:15Z INFO ProcessChannel] Sending message of length 21026, with hash '5ce2ed2bf7535e555d1dd1d3d05733b8f8f6b6ff809fa342e58811f504af028d'
[2025-05-11 23:32:16Z INFO JobNotification] Entering JobStarted Notification
[2025-05-11 23:32:16Z INFO JobNotification] Entering StartMonitor
[2025-05-11 23:32:42Z INFO ProcessInvokerWrapper] STDOUT/STDERR stream read finished.
[2025-05-11 23:32:42Z INFO ProcessInvokerWrapper] STDOUT/STDERR stream read finished.
[2025-05-11 23:32:42Z INFO ProcessInvokerWrapper] Finished process 26044 with exit code 102, and elapsed time 00:00:27.4305437.
[2025-05-11 23:32:42Z INFO JobDispatcher] Worker finished for job ee7656bd-fc78-538e-8061-25f373836ac0. Code: 102
[2025-05-11 23:32:42Z INFO JobDispatcher] finish job request for job ee7656bd-fc78-538e-8061-25f373836ac0 with result: Failed
[2025-05-11 23:32:42Z INFO Terminal] WRITE LINE: 2025-05-11 23:32:42Z: Job build-deploy completed with result: Failed
[2025-05-11 23:32:42Z INFO JobDispatcher] Stop renew job request for job ee7656bd-fc78-538e-8061-25f373836ac0.
[2025-05-11 23:32:42Z INFO JobDispatcher] job renew has been cancelled, stop renew job ee7656bd-fc78-538e-8061-25f373836ac0.
[2025-05-11 23:32:42Z INFO JobNotification] Entering JobCompleted Notification
[2025-05-11 23:32:42Z INFO JobNotification] Entering EndMonitor
[2025-05-11 23:32:42Z INFO MessageListener] Received job status event. JobState: Online
[2025-05-11 23:40:48Z INFO MessageListener] Message '154786242681784793' received from session '089ed875-cde4-4a13-9b97-a3c061585f9d'.
[2025-05-11 23:40:48Z INFO ConfigurationStore] HasCredentials()
[2025-05-11 23:40:48Z INFO ConfigurationStore] stored True
[2025-05-11 23:40:48Z INFO CredentialManager] GetCredentialProvider
[2025-05-11 23:40:48Z INFO CredentialManager] Creating type OAuth
[2025-05-11 23:40:48Z INFO CredentialManager] Creating credential type: OAuth
[2025-05-11 23:40:48Z INFO RSAEncryptedFileKeyManager] Loading RSA key parameters from file E:\6th semester\SCD\new project\actions-runner\.credentials_rsaparams
[2025-05-11 23:40:48Z INFO RSAEncryptedFileKeyManager] Loading RSA key parameters from file E:\6th semester\SCD\new project\actions-runner\.credentials_rsaparams
[2025-05-11 23:40:48Z INFO RSAEncryptedFileKeyManager] Loading RSA key parameters from file E:\6th semester\SCD\new project\actions-runner\.credentials_rsaparams
[2025-05-11 23:40:49Z INFO GitHubActionsService] AAD Correlation ID for this token request: Unknown
[2025-05-11 23:40:51Z INFO JobDispatcher] Job request 0 for plan 67b4d54c-1f2f-4ecc-80c7-53601ba56a99 job 627c10cf-1903-5a1f-b85a-4e4cbfaa9e3a received.
[2025-05-11 23:40:51Z INFO MessageListener] Received job status event. JobState: Busy
[2025-05-11 23:40:51Z INFO MessageListener] _getMessagesTokenSource is already disposed.
[2025-05-11 23:40:51Z INFO JobDispatcher] Job request ee7656bd-fc78-538e-8061-25f373836ac0 processed succeed.
[2025-05-11 23:40:51Z INFO Terminal] WRITE LINE: 2025-05-11 23:40:51Z: Running job: build-deploy
[2025-05-11 23:40:51Z INFO JobDispatcher] Start renew job request 0 for job 627c10cf-1903-5a1f-b85a-4e4cbfaa9e3a.
[2025-05-11 23:40:52Z INFO JobDispatcher] Successfully renew job 627c10cf-1903-5a1f-b85a-4e4cbfaa9e3a, job is valid till 5/11/2025 11:50:51 PM
[2025-05-11 23:40:52Z INFO HostContext] Well known directory 'Bin': 'E:\6th semester\SCD\new project\actions-runner\bin'
[2025-05-11 23:40:52Z INFO ProcessInvokerWrapper] Starting process:
[2025-05-11 23:40:52Z INFO ProcessInvokerWrapper]   File name: 'E:\6th semester\SCD\new project\actions-runner\bin\Runner.Worker.exe'
[2025-05-11 23:40:52Z INFO ProcessInvokerWrapper]   Arguments: 'spawnclient 2428 2440'
[2025-05-11 23:40:52Z INFO ProcessInvokerWrapper]   Working directory: 'E:\6th semester\SCD\new project\actions-runner\bin'
[2025-05-11 23:40:52Z INFO ProcessInvokerWrapper]   Require exit code zero: 'False'
[2025-05-11 23:40:52Z INFO ProcessInvokerWrapper]   Encoding web name:  ; code page: ''
[2025-05-11 23:40:52Z INFO ProcessInvokerWrapper]   Force kill process on cancellation: 'True'
[2025-05-11 23:40:52Z INFO ProcessInvokerWrapper]   Redirected STDIN: 'False'
[2025-05-11 23:40:52Z INFO ProcessInvokerWrapper]   Persist current code page: 'False'
[2025-05-11 23:40:52Z INFO ProcessInvokerWrapper]   Keep redirected STDIN open: 'False'
[2025-05-11 23:40:52Z INFO ProcessInvokerWrapper]   High priority process: 'True'
[2025-05-11 23:40:52Z INFO ProcessInvokerWrapper] Process started with process id 21996, waiting for process exit.
[2025-05-11 23:40:52Z INFO JobDispatcher] Send job request message to worker for job 627c10cf-1903-5a1f-b85a-4e4cbfaa9e3a.
[2025-05-11 23:40:52Z INFO ProcessChannel] Sending message of length 21056, with hash '851b3158eb4366bce7f96a074d48c07addfd3cf7a4b0a590c613ae9d88a4c9d3'
[2025-05-11 23:40:53Z INFO JobNotification] Entering JobStarted Notification
[2025-05-11 23:40:53Z INFO JobNotification] Entering StartMonitor
[2025-05-11 23:41:16Z INFO ProcessInvokerWrapper] STDOUT/STDERR stream read finished.
[2025-05-11 23:41:16Z INFO ProcessInvokerWrapper] STDOUT/STDERR stream read finished.
[2025-05-11 23:41:16Z INFO ProcessInvokerWrapper] Finished process 21996 with exit code 102, and elapsed time 00:00:23.8428988.
[2025-05-11 23:41:16Z INFO JobDispatcher] Worker finished for job 627c10cf-1903-5a1f-b85a-4e4cbfaa9e3a. Code: 102
[2025-05-11 23:41:16Z INFO JobDispatcher] finish job request for job 627c10cf-1903-5a1f-b85a-4e4cbfaa9e3a with result: Failed
[2025-05-11 23:41:16Z INFO Terminal] WRITE LINE: 2025-05-11 23:41:16Z: Job build-deploy completed with result: Failed
[2025-05-11 23:41:16Z INFO JobDispatcher] Stop renew job request for job 627c10cf-1903-5a1f-b85a-4e4cbfaa9e3a.
[2025-05-11 23:41:16Z INFO JobDispatcher] job renew has been cancelled, stop renew job 627c10cf-1903-5a1f-b85a-4e4cbfaa9e3a.
[2025-05-11 23:41:16Z INFO JobNotification] Entering JobCompleted Notification
[2025-05-11 23:41:16Z INFO JobNotification] Entering EndMonitor
[2025-05-11 23:41:16Z INFO MessageListener] Received job status event. JobState: Online
