[2025-05-11 23:29:29Z INFO HostContext] No proxy settings were found based on environmental variables (http_proxy/https_proxy/HTTP_PROXY/HTTPS_PROXY)
[2025-05-11 23:29:29Z INFO HostContext] Well known directory 'Bin': 'E:\6th semester\SCD\new project\actions-runner\bin'
[2025-05-11 23:29:29Z INFO HostContext] Well known directory 'Root': 'E:\6th semester\SCD\new project\actions-runner'
[2025-05-11 23:29:29Z INFO HostContext] Well known config file 'Credentials': 'E:\6th semester\SCD\new project\actions-runner\.credentials'
[2025-05-11 23:29:29Z INFO HostContext] Well known directory 'Bin': 'E:\6th semester\SCD\new project\actions-runner\bin'
[2025-05-11 23:29:29Z INFO HostContext] Well known directory 'Root': 'E:\6th semester\SCD\new project\actions-runner'
[2025-05-11 23:29:29Z INFO HostContext] Well known config file 'Runner': 'E:\6th semester\SCD\new project\actions-runner\.runner'
[2025-05-11 23:29:29Z INFO Listener] Runner is built for Windows (X64) - win-x64.
[2025-05-11 23:29:29Z INFO Listener] RuntimeInformation: Microsoft Windows 10.0.19045.
[2025-05-11 23:29:29Z INFO Listener] Version: 2.323.0
[2025-05-11 23:29:29Z INFO Listener] Commit: d8b82f44a9ec0258904d5869ae683c31d5aac299
[2025-05-11 23:29:29Z INFO Listener] Culture: en-US
[2025-05-11 23:29:29Z INFO Listener] UI Culture: en-US
[2025-05-11 23:29:29Z INFO HostContext] Well known directory 'Bin': 'E:\6th semester\SCD\new project\actions-runner\bin'
[2025-05-11 23:29:29Z INFO HostContext] Well known directory 'Root': 'E:\6th semester\SCD\new project\actions-runner'
[2025-05-11 23:29:29Z INFO Listener] Validating directory permissions for: 'E:\6th semester\SCD\new project\actions-runner'
[2025-05-11 23:29:29Z INFO CommandLineParser] Parse
[2025-05-11 23:29:29Z INFO CommandLineParser] Parsing 1 args
[2025-05-11 23:29:29Z INFO CommandLineParser] parsing argument
[2025-05-11 23:29:29Z INFO CommandLineParser] HasArgs: False
[2025-05-11 23:29:29Z INFO CommandLineParser] Adding Command: remove
[2025-05-11 23:29:29Z INFO Listener] Arguments parsed
[2025-05-11 23:29:29Z INFO Runner] ExecuteCommand
[2025-05-11 23:29:29Z INFO ConfigurationStore] currentAssemblyLocation: E:\6th semester\SCD\new project\actions-runner\bin\Runner.Listener.dll
[2025-05-11 23:29:29Z INFO HostContext] Well known directory 'Bin': 'E:\6th semester\SCD\new project\actions-runner\bin'
[2025-05-11 23:29:29Z INFO ConfigurationStore] binPath: E:\6th semester\SCD\new project\actions-runner\bin
[2025-05-11 23:29:29Z INFO HostContext] Well known directory 'Bin': 'E:\6th semester\SCD\new project\actions-runner\bin'
[2025-05-11 23:29:29Z INFO HostContext] Well known directory 'Root': 'E:\6th semester\SCD\new project\actions-runner'
[2025-05-11 23:29:29Z INFO ConfigurationStore] RootFolder: E:\6th semester\SCD\new project\actions-runner
[2025-05-11 23:29:29Z INFO HostContext] Well known directory 'Bin': 'E:\6th semester\SCD\new project\actions-runner\bin'
[2025-05-11 23:29:29Z INFO HostContext] Well known directory 'Root': 'E:\6th semester\SCD\new project\actions-runner'
[2025-05-11 23:29:29Z INFO HostContext] Well known config file 'Runner': 'E:\6th semester\SCD\new project\actions-runner\.runner'
[2025-05-11 23:29:29Z INFO ConfigurationStore] ConfigFilePath: E:\6th semester\SCD\new project\actions-runner\.runner
[2025-05-11 23:29:29Z INFO HostContext] Well known directory 'Bin': 'E:\6th semester\SCD\new project\actions-runner\bin'
[2025-05-11 23:29:29Z INFO HostContext] Well known directory 'Root': 'E:\6th semester\SCD\new project\actions-runner'
[2025-05-11 23:29:29Z INFO HostContext] Well known config file 'MigratedRunner': 'E:\6th semester\SCD\new project\actions-runner\.runner_migrated'
[2025-05-11 23:29:29Z INFO ConfigurationStore] MigratedConfigFilePath: E:\6th semester\SCD\new project\actions-runner\.runner_migrated
[2025-05-11 23:29:29Z INFO HostContext] Well known directory 'Bin': 'E:\6th semester\SCD\new project\actions-runner\bin'
[2025-05-11 23:29:29Z INFO HostContext] Well known directory 'Root': 'E:\6th semester\SCD\new project\actions-runner'
[2025-05-11 23:29:29Z INFO HostContext] Well known config file 'Credentials': 'E:\6th semester\SCD\new project\actions-runner\.credentials'
[2025-05-11 23:29:29Z INFO ConfigurationStore] CredFilePath: E:\6th semester\SCD\new project\actions-runner\.credentials
[2025-05-11 23:29:29Z INFO HostContext] Well known directory 'Bin': 'E:\6th semester\SCD\new project\actions-runner\bin'
[2025-05-11 23:29:29Z INFO HostContext] Well known directory 'Root': 'E:\6th semester\SCD\new project\actions-runner'
[2025-05-11 23:29:29Z INFO HostContext] Well known config file 'MigratedCredentials': 'E:\6th semester\SCD\new project\actions-runner\.credentials_migrated'
[2025-05-11 23:29:29Z INFO ConfigurationStore] MigratedCredFilePath: E:\6th semester\SCD\new project\actions-runner\.credentials_migrated
[2025-05-11 23:29:29Z INFO HostContext] Well known directory 'Bin': 'E:\6th semester\SCD\new project\actions-runner\bin'
[2025-05-11 23:29:29Z INFO HostContext] Well known directory 'Root': 'E:\6th semester\SCD\new project\actions-runner'
[2025-05-11 23:29:29Z INFO HostContext] Well known config file 'Service': 'E:\6th semester\SCD\new project\actions-runner\.service'
[2025-05-11 23:29:29Z INFO ConfigurationStore] ServiceConfigFilePath: E:\6th semester\SCD\new project\actions-runner\.service
[2025-05-11 23:29:29Z INFO CommandSettings] Flag 'help': 'False'
[2025-05-11 23:29:29Z INFO CommandSettings] Flag 'version': 'False'
[2025-05-11 23:29:29Z INFO CommandSettings] Flag 'commit': 'False'
[2025-05-11 23:29:29Z INFO CommandSettings] Flag 'check': 'False'
[2025-05-11 23:29:29Z INFO CommandSettings] Command 'configure': 'False'
[2025-05-11 23:29:29Z INFO CommandSettings] Command 'remove': 'True'
[2025-05-11 23:29:29Z INFO CommandSettings] Flag 'local': 'False'
[2025-05-11 23:29:29Z INFO ConfigurationStore] IsServiceConfigured()
[2025-05-11 23:29:29Z INFO ConfigurationStore] IsServiceConfigured: False
[2025-05-11 23:29:29Z INFO ConfigurationStore] IsConfigured()
[2025-05-11 23:29:29Z INFO ConfigurationStore] IsConfigured: True
[2025-05-11 23:29:29Z INFO ConfigurationStore] HasCredentials()
[2025-05-11 23:29:29Z INFO ConfigurationStore] stored True
[2025-05-11 23:29:29Z INFO ConfigurationStore] Read setting file: 305 chars
[2025-05-11 23:29:29Z INFO CommandSettings] Arg 'token': ''
[2025-05-11 23:29:29Z INFO CommandSettings] Flag 'unattended': 'False'
[2025-05-11 23:29:29Z INFO PromptManager] ReadValue
[2025-05-11 23:29:29Z INFO Terminal] WRITE: Enter runner remove token: 
[2025-05-11 23:29:29Z INFO Terminal] READ SECRET
[2025-05-11 23:29:47Z INFO Terminal] Read value: '***'
[2025-05-11 23:29:50Z INFO ConfigurationManager] Http response code: OK from 'POST https://api.github.com/actions/runner-registration' (C0C1:2613E8:BB98FE:1058E16:682132EC)
[2025-05-11 23:29:50Z INFO ConfigurationManager] cred retrieved via GitHub auth
[2025-05-11 23:29:50Z INFO RunnerServer] EstablishVssConnection
[2025-05-11 23:29:50Z INFO RunnerServer] Establish connection with 100 seconds timeout.
[2025-05-11 23:29:50Z INFO GitHubActionsService] Starting operation Location.GetConnectionData
[2025-05-11 23:29:50Z INFO RunnerServer] EstablishVssConnection
[2025-05-11 23:29:50Z INFO RunnerServer] Establish connection with 60 seconds timeout.
[2025-05-11 23:29:50Z INFO GitHubActionsService] Starting operation Location.GetConnectionData
[2025-05-11 23:29:50Z INFO RunnerServer] EstablishVssConnection
[2025-05-11 23:29:50Z INFO RunnerServer] Establish connection with 60 seconds timeout.
[2025-05-11 23:29:50Z INFO GitHubActionsService] Starting operation Location.GetConnectionData
[2025-05-11 23:29:52Z INFO GitHubActionsService] Finished operation Location.GetConnectionData
[2025-05-11 23:29:52Z INFO GitHubActionsService] Finished operation Location.GetConnectionData
[2025-05-11 23:29:52Z INFO GitHubActionsService] Finished operation Location.GetConnectionData
[2025-05-11 23:29:53Z INFO Terminal] WRITE LINE: 
[2025-05-11 23:29:53Z INFO ConfigurationStore] IsConfigured()
[2025-05-11 23:29:53Z INFO ConfigurationStore] IsConfigured: True
[2025-05-11 23:29:53Z INFO ConfigurationStore] HasCredentials()
[2025-05-11 23:29:53Z INFO ConfigurationStore] stored True
[2025-05-11 23:29:53Z INFO HostContext] Well known directory 'Bin': 'E:\6th semester\SCD\new project\actions-runner\bin'
[2025-05-11 23:29:53Z INFO HostContext] Well known directory 'Root': 'E:\6th semester\SCD\new project\actions-runner'
[2025-05-11 23:29:53Z INFO HostContext] Well known config file 'RSACredentials': 'E:\6th semester\SCD\new project\actions-runner\.credentials_rsaparams'
[2025-05-11 23:29:53Z INFO RSAEncryptedFileKeyManager] Deleting RSA key parameters file E:\6th semester\SCD\new project\actions-runner\.credentials_rsaparams
[2025-05-11 23:29:53Z INFO Terminal] WRITE LINE: 
[2025-05-11 23:29:53Z INFO Listener] Runner execution has finished with return code 0
